0 info it worked if it ends with ok
1 verbose cli [ '/usr/local/Cellar/node/6.0.0/bin/node',
1 verbose cli   '/usr/local/bin/npm',
1 verbose cli   'start' ]
2 info using npm@3.9.0
3 info using node@v6.0.0
4 verbose run-script [ 'prestart', 'start', 'poststart' ]
5 info lifecycle GitBit@1.0.0~prestart: GitBit@1.0.0
6 silly lifecycle GitBit@1.0.0~prestart: no script for prestart, continuing
7 info lifecycle GitBit@1.0.0~start: GitBit@1.0.0
8 verbose lifecycle GitBit@1.0.0~start: unsafe-perm in lifecycle true
9 verbose lifecycle GitBit@1.0.0~start: PATH: /usr/local/lib/node_modules/npm/bin/node-gyp-bin:/Users/vasjain/Downloads/Dropbox (Personal)/myCode/gitbitbot/node_modules/.bin:/usr/local/Cellar/node/6.0.0/bin:/Applications/corona-java-1.1.0/apache-maven-3.0.5/bin:/Applications/corona-java-1.1.0/jdk-7u45-macosx-x64/Contents/Home/jre/bin:/Applications/corona-java-1.1.0/jdk-7u45-macosx-x64/Contents/Home/bin:/Applications/corona-java-1.1.0/jboss-as-7.1.3.Final/bin:/usr/local/bin:/usr/bin:/bin:/usr/sbin:/sbin
10 verbose lifecycle GitBit@1.0.0~start: CWD: /Users/vasjain/Downloads/Dropbox (Personal)/myCode/gitbitbot
11 silly lifecycle GitBit@1.0.0~start: Args: [ '-c', 'node index.js' ]
12 silly lifecycle GitBit@1.0.0~start: Returned: code: 1  signal: null
13 info lifecycle GitBit@1.0.0~start: Failed to exec start script
14 verbose stack Error: GitBit@1.0.0 start: `node index.js`
14 verbose stack Exit status 1
14 verbose stack     at EventEmitter.<anonymous> (/usr/local/lib/node_modules/npm/lib/utils/lifecycle.js:245:16)
14 verbose stack     at emitTwo (events.js:106:13)
14 verbose stack     at EventEmitter.emit (events.js:191:7)
14 verbose stack     at ChildProcess.<anonymous> (/usr/local/lib/node_modules/npm/lib/utils/spawn.js:24:14)
14 verbose stack     at emitTwo (events.js:106:13)
14 verbose stack     at ChildProcess.emit (events.js:191:7)
14 verbose stack     at maybeClose (internal/child_process.js:850:16)
14 verbose stack     at Process.ChildProcess._handle.onexit (internal/child_process.js:215:5)
15 verbose pkgid GitBit@1.0.0
16 verbose cwd /Users/vasjain/Downloads/Dropbox (Personal)/myCode/gitbitbot
17 error Darwin 15.4.0
18 error argv "/usr/local/Cellar/node/6.0.0/bin/node" "/usr/local/bin/npm" "start"
19 error node v6.0.0
20 error npm  v3.9.0
21 error code ELIFECYCLE
22 error GitBit@1.0.0 start: `node index.js`
22 error Exit status 1
23 error Failed at the GitBit@1.0.0 start script 'node index.js'.
23 error Make sure you have the latest version of node.js and npm installed.
23 error If you do, this is most likely a problem with the GitBit package,
23 error not with npm itself.
23 error Tell the author that this fails on your system:
23 error     node index.js
23 error You can get information on how to open an issue for this project with:
23 error     npm bugs GitBit
23 error Or if that isn't available, you can get their info via:
23 error     npm owner ls GitBit
23 error There is likely additional logging output above.
24 verbose exit [ 1, true ]
